2015-11-20 11:35:20,689 WARN  [SoapUI] Missing folder [C:\Users\gullu\Documents\webtests\ext] for external libraries
2015-11-20 11:35:20,928 INFO  [DefaultSoapUICore] initialized soapui-settings from [C:\Users\gullu\soapui-settings.xml]
2015-11-20 11:35:26,209 INFO  [SchemaUtils] Added default schema from file:/C:/Users/gullu/.m2/repository/com/smartbear/soapui/soapui/5.1.3/soapui-5.1.3.jar!/com/eviware/soapui/resources/xsds/xop.xsd with targetNamespace http://www.w3.org/2004/08/xop/include
2015-11-20 11:35:26,236 INFO  [SchemaUtils] Added default schema from file:/C:/Users/gullu/.m2/repository/com/smartbear/soapui/soapui/5.1.3/soapui-5.1.3.jar!/com/eviware/soapui/resources/xsds/XMLSchema.xsd with targetNamespace http://www.w3.org/2001/XMLSchema
2015-11-20 11:35:26,236 INFO  [SchemaUtils] Added default schema from file:/C:/Users/gullu/.m2/repository/com/smartbear/soapui/soapui/5.1.3/soapui-5.1.3.jar!/com/eviware/soapui/resources/xsds/xml.xsd with targetNamespace http://www.w3.org/XML/1998/namespace
2015-11-20 11:35:26,238 INFO  [SchemaUtils] Added default schema from file:/C:/Users/gullu/.m2/repository/com/smartbear/soapui/soapui/5.1.3/soapui-5.1.3.jar!/com/eviware/soapui/resources/xsds/swaref.xsd with targetNamespace http://ws-i.org/profiles/basic/1.1/xsd
2015-11-20 11:35:26,238 INFO  [SchemaUtils] Added default schema from file:/C:/Users/gullu/.m2/repository/com/smartbear/soapui/soapui/5.1.3/soapui-5.1.3.jar!/com/eviware/soapui/resources/xsds/xmime200505.xsd with targetNamespace http://www.w3.org/2005/05/xmlmime
2015-11-20 11:35:26,239 INFO  [SchemaUtils] Added default schema from file:/C:/Users/gullu/.m2/repository/com/smartbear/soapui/soapui/5.1.3/soapui-5.1.3.jar!/com/eviware/soapui/resources/xsds/xmime200411.xsd with targetNamespace http://www.w3.org/2004/11/xmlmime
2015-11-20 11:35:26,240 INFO  [SchemaUtils] Added default schema from file:/C:/Users/gullu/.m2/repository/com/smartbear/soapui/soapui/5.1.3/soapui-5.1.3.jar!/com/eviware/soapui/resources/xsds/soapEnvelope.xsd with targetNamespace http://schemas.xmlsoap.org/soap/envelope/
2015-11-20 11:35:26,242 INFO  [SchemaUtils] Added default schema from file:/C:/Users/gullu/.m2/repository/com/smartbear/soapui/soapui/5.1.3/soapui-5.1.3.jar!/com/eviware/soapui/resources/xsds/soapEncoding.xsd with targetNamespace http://schemas.xmlsoap.org/soap/encoding/
2015-11-20 11:35:26,243 INFO  [SchemaUtils] Added default schema from file:/C:/Users/gullu/.m2/repository/com/smartbear/soapui/soapui/5.1.3/soapui-5.1.3.jar!/com/eviware/soapui/resources/xsds/soapEnvelope12.xsd with targetNamespace http://www.w3.org/2003/05/soap-envelope
2015-11-20 11:35:26,246 INFO  [SchemaUtils] Added default schema from file:/C:/Users/gullu/.m2/repository/com/smartbear/soapui/soapui/5.1.3/soapui-5.1.3.jar!/com/eviware/soapui/resources/xsds/soapEncoding12.xsd with targetNamespace http://www.w3.org/2003/05/soap-encoding
2015-11-20 11:35:26,497 INFO  [SchemaUtils] Loading schema types from [http://localhost:8090/ws/hello?wsdl]
2015-11-20 11:35:26,497 INFO  [SchemaUtils] Getting schema http://localhost:8090/ws/hello?wsdl
2015-11-20 11:35:26,501 INFO  [SchemaUtils] Getting schema http://localhost:8090/ws/hello?xsd=1
2015-11-20 11:35:26,671 INFO  [WsdlImporter] Finding importer for {http://webservice.edu/}ServiceImplPortBinding
2015-11-20 11:35:26,674 INFO  [WsdlImporter] Importing binding {http://webservice.edu/}ServiceImplPortBinding
2015-11-20 11:35:26,695 INFO  [Soap11HttpBindingImporter] importing endpoint http://localhost:8090/ws/hello
2015-11-20 11:35:26,722 INFO  [Soap11HttpBindingImporter] importing operation getHelloWorldAsComplexObject
2015-11-20 11:35:26,735 INFO  [Soap11HttpBindingImporter] importing operation getHelloWorldAsObject
2015-11-20 11:35:26,735 INFO  [Soap11HttpBindingImporter] importing operation getHelloWorldAsString
2015-11-20 11:35:26,736 INFO  [Soap11HttpBindingImporter] importing operation getSimpleObjectAsComplexObject
2015-11-20 11:35:26,736 INFO  [Soap11HttpBindingImporter] importing operation getSimpleObjectAsObject
