2015-11-12 10:15:45,084 ERROR [errorlog] java.net.MalformedURLException: no protocol: 
java.net.MalformedURLException: no protocol: 
	at java.net.URL.<init>(URL.java:586)
	at java.net.URL.<init>(URL.java:483)
	at java.net.URL.<init>(URL.java:432)
	at com.eviware.soapui.impl.wsdl.WsdlProject.<init>(WsdlProject.java:261)
	at com.eviware.soapui.impl.wsdl.WsdlProject.<init>(WsdlProject.java:212)
	at com.eviware.soapui.impl.wsdl.WsdlProject.<init>(WsdlProject.java:207)
	at com.eviware.soapui.impl.wsdl.WsdlProject.<init>(WsdlProject.java:192)
	at bsh.webtests.steps.webservice.DemoWebserviceWebSteps.checkResult(DemoWebserviceWebSteps.java:48)
	at sun.reflect.NativeMethodAccessorImpl.invoke0(Native Method)
	at sun.reflect.NativeMethodAccessorImpl.invoke(NativeMethodAccessorImpl.java:62)
	at sun.reflect.DelegatingMethodAccessorImpl.invoke(DelegatingMethodAccessorImpl.java:43)
	at java.lang.reflect.Method.invoke(Method.java:483)
	at org.jbehave.core.steps.StepCreator$ParameterisedStep.perform(StepCreator.java:550)
	at org.jbehave.core.embedder.StoryRunner$FineSoFar.run(StoryRunner.java:499)
	at org.jbehave.core.embedder.StoryRunner.runStepsWhileKeepingState(StoryRunner.java:479)
	at org.jbehave.core.embedder.StoryRunner.runScenarioSteps(StoryRunner.java:443)
	at org.jbehave.core.embedder.StoryRunner.runCancellable(StoryRunner.java:305)
	at org.jbehave.core.embedder.StoryRunner.run(StoryRunner.java:219)
	at org.jbehave.core.embedder.StoryRunner.runGivenStories(StoryRunner.java:386)
	at org.jbehave.core.embedder.StoryRunner.runCancellable(StoryRunner.java:304)
	at org.jbehave.core.embedder.StoryRunner.run(StoryRunner.java:219)
	at org.jbehave.core.embedder.StoryRunner.run(StoryRunner.java:180)
	at org.jbehave.core.embedder.StoryManager$EnqueuedStory.call(StoryManager.java:229)
	at org.jbehave.core.embedder.StoryManager$EnqueuedStory.call(StoryManager.java:201)
	at java.util.concurrent.FutureTask.run(FutureTask.java:266)
	at java.util.concurrent.ThreadPoolExecutor.runWorker(ThreadPoolExecutor.java:1142)
	at java.util.concurrent.ThreadPoolExecutor$Worker.run(ThreadPoolExecutor.java:617)
	at java.lang.Thread.run(Thread.java:745)
2015-11-12 10:15:50,862 ERROR [errorlog] java.net.MalformedURLException: no protocol: 
java.net.MalformedURLException: no protocol: 
	at java.net.URL.<init>(URL.java:586)
	at java.net.URL.<init>(URL.java:483)
	at java.net.URL.<init>(URL.java:432)
	at com.eviware.soapui.impl.wsdl.WsdlProject.<init>(WsdlProject.java:261)
	at com.eviware.soapui.impl.wsdl.WsdlProject.<init>(WsdlProject.java:212)
	at com.eviware.soapui.impl.wsdl.WsdlProject.<init>(WsdlProject.java:207)
	at com.eviware.soapui.impl.wsdl.WsdlProject.<init>(WsdlProject.java:192)
	at bsh.webtests.steps.webservice.DemoWebserviceWebSteps.checkResult(DemoWebserviceWebSteps.java:48)
	at sun.reflect.NativeMethodAccessorImpl.invoke0(Native Method)
	at sun.reflect.NativeMethodAccessorImpl.invoke(NativeMethodAccessorImpl.java:62)
	at sun.reflect.DelegatingMethodAccessorImpl.invoke(DelegatingMethodAccessorImpl.java:43)
	at java.lang.reflect.Method.invoke(Method.java:483)
	at org.jbehave.core.steps.StepCreator$ParameterisedStep.perform(StepCreator.java:550)
	at org.jbehave.core.embedder.StoryRunner$FineSoFar.run(StoryRunner.java:499)
	at org.jbehave.core.embedder.StoryRunner.runStepsWhileKeepingState(StoryRunner.java:479)
	at org.jbehave.core.embedder.StoryRunner.runScenarioSteps(StoryRunner.java:443)
	at org.jbehave.core.embedder.StoryRunner.runCancellable(StoryRunner.java:305)
	at org.jbehave.core.embedder.StoryRunner.run(StoryRunner.java:219)
	at org.jbehave.core.embedder.StoryRunner.runGivenStories(StoryRunner.java:386)
	at org.jbehave.core.embedder.StoryRunner.runCancellable(StoryRunner.java:304)
	at org.jbehave.core.embedder.StoryRunner.run(StoryRunner.java:219)
	at org.jbehave.core.embedder.StoryRunner.run(StoryRunner.java:180)
	at org.jbehave.core.embedder.StoryManager$EnqueuedStory.call(StoryManager.java:229)
	at org.jbehave.core.embedder.StoryManager$EnqueuedStory.call(StoryManager.java:201)
	at java.util.concurrent.FutureTask.run(FutureTask.java:266)
	at java.util.concurrent.ThreadPoolExecutor.runWorker(ThreadPoolExecutor.java:1142)
	at java.util.concurrent.ThreadPoolExecutor$Worker.run(ThreadPoolExecutor.java:617)
	at java.lang.Thread.run(Thread.java:745)
2015-11-12 11:48:00,809 ERROR [errorlog] java.net.MalformedURLException: no protocol: 
java.net.MalformedURLException: no protocol: 
	at java.net.URL.<init>(URL.java:586)
	at java.net.URL.<init>(URL.java:483)
	at java.net.URL.<init>(URL.java:432)
	at com.eviware.soapui.impl.wsdl.WsdlProject.<init>(WsdlProject.java:261)
	at com.eviware.soapui.impl.wsdl.WsdlProject.<init>(WsdlProject.java:197)
	at bsh.webtests.steps.webservice.DemoWebserviceWebSteps.checkResult(DemoWebserviceWebSteps.java:55)
	at sun.reflect.NativeMethodAccessorImpl.invoke0(Native Method)
	at sun.reflect.NativeMethodAccessorImpl.invoke(NativeMethodAccessorImpl.java:62)
	at sun.reflect.DelegatingMethodAccessorImpl.invoke(DelegatingMethodAccessorImpl.java:43)
	at java.lang.reflect.Method.invoke(Method.java:483)
	at org.jbehave.core.steps.StepCreator$ParameterisedStep.perform(StepCreator.java:550)
	at org.jbehave.core.embedder.StoryRunner$FineSoFar.run(StoryRunner.java:499)
	at org.jbehave.core.embedder.StoryRunner.runStepsWhileKeepingState(StoryRunner.java:479)
	at org.jbehave.core.embedder.StoryRunner.runScenarioSteps(StoryRunner.java:443)
	at org.jbehave.core.embedder.StoryRunner.runCancellable(StoryRunner.java:305)
	at org.jbehave.core.embedder.StoryRunner.run(StoryRunner.java:219)
	at org.jbehave.core.embedder.StoryRunner.runGivenStories(StoryRunner.java:386)
	at org.jbehave.core.embedder.StoryRunner.runCancellable(StoryRunner.java:304)
	at org.jbehave.core.embedder.StoryRunner.run(StoryRunner.java:219)
	at org.jbehave.core.embedder.StoryRunner.run(StoryRunner.java:180)
	at org.jbehave.core.embedder.StoryManager$EnqueuedStory.call(StoryManager.java:229)
	at org.jbehave.core.embedder.StoryManager$EnqueuedStory.call(StoryManager.java:201)
	at java.util.concurrent.FutureTask.run(FutureTask.java:266)
	at java.util.concurrent.ThreadPoolExecutor.runWorker(ThreadPoolExecutor.java:1142)
	at java.util.concurrent.ThreadPoolExecutor$Worker.run(ThreadPoolExecutor.java:617)
	at java.lang.Thread.run(Thread.java:745)
2015-11-13 09:56:57,727 ERROR [errorlog] com.eviware.soapui.support.SoapUIException: Failed to load project from file [file:/C:/Users/gullu/Documents/webtests/src/main/resources/WebserviceTest-soapui-project.xml]
com.eviware.soapui.support.SoapUIException: Failed to load project from file [file:/C:/Users/gullu/Documents/webtests/src/main/resources/WebserviceTest-soapui-project.xml]
	at com.eviware.soapui.impl.wsdl.WsdlProject.loadProject(WsdlProject.java:426)
	at com.eviware.soapui.impl.wsdl.WsdlProject.<init>(WsdlProject.java:244)
	at com.eviware.soapui.impl.wsdl.WsdlProject.<init>(WsdlProject.java:212)
	at com.eviware.soapui.impl.wsdl.WsdlProject.<init>(WsdlProject.java:207)
	at com.eviware.soapui.impl.wsdl.WsdlProject.<init>(WsdlProject.java:192)
	at bsh.webtests.steps.webservice.DemoWebserviceWebSteps.checkResult(DemoWebserviceWebSteps.java:59)
	at sun.reflect.NativeMethodAccessorImpl.invoke0(Native Method)
	at sun.reflect.NativeMethodAccessorImpl.invoke(NativeMethodAccessorImpl.java:62)
	at sun.reflect.DelegatingMethodAccessorImpl.invoke(DelegatingMethodAccessorImpl.java:43)
	at java.lang.reflect.Method.invoke(Method.java:483)
	at org.jbehave.core.steps.StepCreator$ParameterisedStep.perform(StepCreator.java:550)
	at org.jbehave.core.embedder.StoryRunner$FineSoFar.run(StoryRunner.java:499)
	at org.jbehave.core.embedder.StoryRunner.runStepsWhileKeepingState(StoryRunner.java:479)
	at org.jbehave.core.embedder.StoryRunner.runScenarioSteps(StoryRunner.java:443)
	at org.jbehave.core.embedder.StoryRunner.runCancellable(StoryRunner.java:305)
	at org.jbehave.core.embedder.StoryRunner.run(StoryRunner.java:219)
	at org.jbehave.core.embedder.StoryRunner.runGivenStories(StoryRunner.java:386)
	at org.jbehave.core.embedder.StoryRunner.runCancellable(StoryRunner.java:304)
	at org.jbehave.core.embedder.StoryRunner.run(StoryRunner.java:219)
	at org.jbehave.core.embedder.StoryRunner.run(StoryRunner.java:180)
	at org.jbehave.core.embedder.StoryManager$EnqueuedStory.call(StoryManager.java:229)
	at org.jbehave.core.embedder.StoryManager$EnqueuedStory.call(StoryManager.java:201)
	at java.util.concurrent.FutureTask.run(FutureTask.java:266)
	at java.util.concurrent.ThreadPoolExecutor.runWorker(ThreadPoolExecutor.java:1142)
	at java.util.concurrent.ThreadPoolExecutor$Worker.run(ThreadPoolExecutor.java:617)
	at java.lang.Thread.run(Thread.java:745)
Caused by: org.apache.xmlbeans.XmlException: Element Envelope@http://schemas.xmlsoap.org/soap/envelope/ is not a valid soapui-project@http://eviware.com/soapui/config document or a valid substitution.
	at org.apache.xmlbeans.impl.store.Locale.autoTypeDocument(Locale.java:328)
	at org.apache.xmlbeans.impl.store.Locale.parseToXmlObject(Locale.java:1279)
	at org.apache.xmlbeans.impl.store.Locale.parseToXmlObject(Locale.java:1263)
	at org.apache.xmlbeans.impl.schema.SchemaTypeLoaderBase.parse(SchemaTypeLoaderBase.java:345)
	at com.eviware.soapui.config.SoapuiProjectDocumentConfig$Factory.parse(Unknown Source)
	at com.eviware.soapui.impl.wsdl.WsdlProject.loadProject(WsdlProject.java:333)
	... 25 more
2015-11-13 09:57:59,019 ERROR [errorlog] com.eviware.soapui.support.SoapUIException: Failed to load project from file [file:/C:/Users/gullu/Documents/webtests/src/main/resources/WebserviceTest-soapui-project.xml]
com.eviware.soapui.support.SoapUIException: Failed to load project from file [file:/C:/Users/gullu/Documents/webtests/src/main/resources/WebserviceTest-soapui-project.xml]
	at com.eviware.soapui.impl.wsdl.WsdlProject.loadProject(WsdlProject.java:426)
	at com.eviware.soapui.impl.wsdl.WsdlProject.<init>(WsdlProject.java:244)
	at com.eviware.soapui.impl.wsdl.WsdlProject.<init>(WsdlProject.java:212)
	at com.eviware.soapui.impl.wsdl.WsdlProject.<init>(WsdlProject.java:207)
	at com.eviware.soapui.impl.wsdl.WsdlProject.<init>(WsdlProject.java:192)
	at bsh.webtests.steps.webservice.DemoWebserviceWebSteps.checkResult(DemoWebserviceWebSteps.java:59)
	at sun.reflect.NativeMethodAccessorImpl.invoke0(Native Method)
	at sun.reflect.NativeMethodAccessorImpl.invoke(NativeMethodAccessorImpl.java:62)
	at sun.reflect.DelegatingMethodAccessorImpl.invoke(DelegatingMethodAccessorImpl.java:43)
	at java.lang.reflect.Method.invoke(Method.java:483)
	at org.jbehave.core.steps.StepCreator$ParameterisedStep.perform(StepCreator.java:550)
	at org.jbehave.core.embedder.StoryRunner$FineSoFar.run(StoryRunner.java:499)
	at org.jbehave.core.embedder.StoryRunner.runStepsWhileKeepingState(StoryRunner.java:479)
	at org.jbehave.core.embedder.StoryRunner.runScenarioSteps(StoryRunner.java:443)
	at org.jbehave.core.embedder.StoryRunner.runCancellable(StoryRunner.java:305)
	at org.jbehave.core.embedder.StoryRunner.run(StoryRunner.java:219)
	at org.jbehave.core.embedder.StoryRunner.runGivenStories(StoryRunner.java:386)
	at org.jbehave.core.embedder.StoryRunner.runCancellable(StoryRunner.java:304)
	at org.jbehave.core.embedder.StoryRunner.run(StoryRunner.java:219)
	at org.jbehave.core.embedder.StoryRunner.run(StoryRunner.java:180)
	at org.jbehave.core.embedder.StoryManager$EnqueuedStory.call(StoryManager.java:229)
	at org.jbehave.core.embedder.StoryManager$EnqueuedStory.call(StoryManager.java:201)
	at java.util.concurrent.FutureTask.run(FutureTask.java:266)
	at java.util.concurrent.ThreadPoolExecutor.runWorker(ThreadPoolExecutor.java:1142)
	at java.util.concurrent.ThreadPoolExecutor$Worker.run(ThreadPoolExecutor.java:617)
	at java.lang.Thread.run(Thread.java:745)
Caused by: org.apache.xmlbeans.XmlException: Element Envelope@http://schemas.xmlsoap.org/soap/envelope/ is not a valid soapui-project@http://eviware.com/soapui/config document or a valid substitution.
	at org.apache.xmlbeans.impl.store.Locale.autoTypeDocument(Locale.java:328)
	at org.apache.xmlbeans.impl.store.Locale.parseToXmlObject(Locale.java:1279)
	at org.apache.xmlbeans.impl.store.Locale.parseToXmlObject(Locale.java:1263)
	at org.apache.xmlbeans.impl.schema.SchemaTypeLoaderBase.parse(SchemaTypeLoaderBase.java:345)
	at com.eviware.soapui.config.SoapuiProjectDocumentConfig$Factory.parse(Unknown Source)
	at com.eviware.soapui.impl.wsdl.WsdlProject.loadProject(WsdlProject.java:333)
	... 25 more
2015-11-20 09:44:02,533 ERROR [errorlog] com.eviware.soapui.impl.support.definition.support.InvalidDefinitionException
com.eviware.soapui.impl.support.definition.support.InvalidDefinitionException
	at com.eviware.soapui.impl.wsdl.support.wsdl.WsdlLoader.makeInvalidDefinitionException(WsdlLoader.java:119)
	at com.eviware.soapui.impl.wsdl.support.wsdl.WsdlLoader.loadXmlObject(WsdlLoader.java:112)
	at com.eviware.soapui.impl.wsdl.support.xsd.SchemaUtils.getDefinitionParts(SchemaUtils.java:488)
	at com.eviware.soapui.impl.wsdl.support.xsd.SchemaUtils.getDefinitionParts(SchemaUtils.java:477)
	at com.eviware.soapui.impl.support.definition.support.AbstractDefinitionCache.update(AbstractDefinitionCache.java:94)
	at com.eviware.soapui.impl.support.definition.support.AbstractDefinitionContext$Loader.construct(AbstractDefinitionContext.java:209)
	at com.eviware.soapui.support.swing.SwingWorkerDelegator.construct(SwingWorkerDelegator.java:46)
	at com.eviware.soapui.support.swing.SwingWorker$2.run(SwingWorker.java:131)
	at java.lang.Thread.run(Thread.java:745)
